G75*
%MOIN*%
%OFA0B0*%
%FSLAX25Y25*%
%IPPOS*%
%LPD*%
%AMOC8*
5,1,8,0,0,1.08239X$1,22.5*
%
%ADD10C,0.00000*%
D10*
X0006250Y0001800D02*
X0006250Y0186839D01*
X0191289Y0186839D01*
X0191289Y0001800D01*
X0006250Y0001800D01*
X0011762Y0013611D02*
X0011764Y0013769D01*
X0011770Y0013927D01*
X0011780Y0014085D01*
X0011794Y0014243D01*
X0011812Y0014400D01*
X0011833Y0014557D01*
X0011859Y0014713D01*
X0011889Y0014869D01*
X0011922Y0015024D01*
X0011960Y0015177D01*
X0012001Y0015330D01*
X0012046Y0015482D01*
X0012095Y0015633D01*
X0012148Y0015782D01*
X0012204Y0015930D01*
X0012264Y0016076D01*
X0012328Y0016221D01*
X0012396Y0016364D01*
X0012467Y0016506D01*
X0012541Y0016646D01*
X0012619Y0016783D01*
X0012701Y0016919D01*
X0012785Y0017053D01*
X0012874Y0017184D01*
X0012965Y0017313D01*
X0013060Y0017440D01*
X0013157Y0017565D01*
X0013258Y0017687D01*
X0013362Y0017806D01*
X0013469Y0017923D01*
X0013579Y0018037D01*
X0013692Y0018148D01*
X0013807Y0018257D01*
X0013925Y0018362D01*
X0014046Y0018464D01*
X0014169Y0018564D01*
X0014295Y0018660D01*
X0014423Y0018753D01*
X0014553Y0018843D01*
X0014686Y0018929D01*
X0014821Y0019013D01*
X0014957Y0019092D01*
X0015096Y0019169D01*
X0015237Y0019241D01*
X0015379Y0019311D01*
X0015523Y0019376D01*
X0015669Y0019438D01*
X0015816Y0019496D01*
X0015965Y0019551D01*
X0016115Y0019602D01*
X0016266Y0019649D01*
X0016418Y0019692D01*
X0016571Y0019731D01*
X0016726Y0019767D01*
X0016881Y0019798D01*
X0017037Y0019826D01*
X0017193Y0019850D01*
X0017350Y0019870D01*
X0017508Y0019886D01*
X0017665Y0019898D01*
X0017824Y0019906D01*
X0017982Y0019910D01*
X0018140Y0019910D01*
X0018298Y0019906D01*
X0018457Y0019898D01*
X0018614Y0019886D01*
X0018772Y0019870D01*
X0018929Y0019850D01*
X0019085Y0019826D01*
X0019241Y0019798D01*
X0019396Y0019767D01*
X0019551Y0019731D01*
X0019704Y0019692D01*
X0019856Y0019649D01*
X0020007Y0019602D01*
X0020157Y0019551D01*
X0020306Y0019496D01*
X0020453Y0019438D01*
X0020599Y0019376D01*
X0020743Y0019311D01*
X0020885Y0019241D01*
X0021026Y0019169D01*
X0021165Y0019092D01*
X0021301Y0019013D01*
X0021436Y0018929D01*
X0021569Y0018843D01*
X0021699Y0018753D01*
X0021827Y0018660D01*
X0021953Y0018564D01*
X0022076Y0018464D01*
X0022197Y0018362D01*
X0022315Y0018257D01*
X0022430Y0018148D01*
X0022543Y0018037D01*
X0022653Y0017923D01*
X0022760Y0017806D01*
X0022864Y0017687D01*
X0022965Y0017565D01*
X0023062Y0017440D01*
X0023157Y0017313D01*
X0023248Y0017184D01*
X0023337Y0017053D01*
X0023421Y0016919D01*
X0023503Y0016783D01*
X0023581Y0016646D01*
X0023655Y0016506D01*
X0023726Y0016364D01*
X0023794Y0016221D01*
X0023858Y0016076D01*
X0023918Y0015930D01*
X0023974Y0015782D01*
X0024027Y0015633D01*
X0024076Y0015482D01*
X0024121Y0015330D01*
X0024162Y0015177D01*
X0024200Y0015024D01*
X0024233Y0014869D01*
X0024263Y0014713D01*
X0024289Y0014557D01*
X0024310Y0014400D01*
X0024328Y0014243D01*
X0024342Y0014085D01*
X0024352Y0013927D01*
X0024358Y0013769D01*
X0024360Y0013611D01*
X0024358Y0013453D01*
X0024352Y0013295D01*
X0024342Y0013137D01*
X0024328Y0012979D01*
X0024310Y0012822D01*
X0024289Y0012665D01*
X0024263Y0012509D01*
X0024233Y0012353D01*
X0024200Y0012198D01*
X0024162Y0012045D01*
X0024121Y0011892D01*
X0024076Y0011740D01*
X0024027Y0011589D01*
X0023974Y0011440D01*
X0023918Y0011292D01*
X0023858Y0011146D01*
X0023794Y0011001D01*
X0023726Y0010858D01*
X0023655Y0010716D01*
X0023581Y0010576D01*
X0023503Y0010439D01*
X0023421Y0010303D01*
X0023337Y0010169D01*
X0023248Y0010038D01*
X0023157Y0009909D01*
X0023062Y0009782D01*
X0022965Y0009657D01*
X0022864Y0009535D01*
X0022760Y0009416D01*
X0022653Y0009299D01*
X0022543Y0009185D01*
X0022430Y0009074D01*
X0022315Y0008965D01*
X0022197Y0008860D01*
X0022076Y0008758D01*
X0021953Y0008658D01*
X0021827Y0008562D01*
X0021699Y0008469D01*
X0021569Y0008379D01*
X0021436Y0008293D01*
X0021301Y0008209D01*
X0021165Y0008130D01*
X0021026Y0008053D01*
X0020885Y0007981D01*
X0020743Y0007911D01*
X0020599Y0007846D01*
X0020453Y0007784D01*
X0020306Y0007726D01*
X0020157Y0007671D01*
X0020007Y0007620D01*
X0019856Y0007573D01*
X0019704Y0007530D01*
X0019551Y0007491D01*
X0019396Y0007455D01*
X0019241Y0007424D01*
X0019085Y0007396D01*
X0018929Y0007372D01*
X0018772Y0007352D01*
X0018614Y0007336D01*
X0018457Y0007324D01*
X0018298Y0007316D01*
X0018140Y0007312D01*
X0017982Y0007312D01*
X0017824Y0007316D01*
X0017665Y0007324D01*
X0017508Y0007336D01*
X0017350Y0007352D01*
X0017193Y0007372D01*
X0017037Y0007396D01*
X0016881Y0007424D01*
X0016726Y0007455D01*
X0016571Y0007491D01*
X0016418Y0007530D01*
X0016266Y0007573D01*
X0016115Y0007620D01*
X0015965Y0007671D01*
X0015816Y0007726D01*
X0015669Y0007784D01*
X0015523Y0007846D01*
X0015379Y0007911D01*
X0015237Y0007981D01*
X0015096Y0008053D01*
X0014957Y0008130D01*
X0014821Y0008209D01*
X0014686Y0008293D01*
X0014553Y0008379D01*
X0014423Y0008469D01*
X0014295Y0008562D01*
X0014169Y0008658D01*
X0014046Y0008758D01*
X0013925Y0008860D01*
X0013807Y0008965D01*
X0013692Y0009074D01*
X0013579Y0009185D01*
X0013469Y0009299D01*
X0013362Y0009416D01*
X0013258Y0009535D01*
X0013157Y0009657D01*
X0013060Y0009782D01*
X0012965Y0009909D01*
X0012874Y0010038D01*
X0012785Y0010169D01*
X0012701Y0010303D01*
X0012619Y0010439D01*
X0012541Y0010576D01*
X0012467Y0010716D01*
X0012396Y0010858D01*
X0012328Y0011001D01*
X0012264Y0011146D01*
X0012204Y0011292D01*
X0012148Y0011440D01*
X0012095Y0011589D01*
X0012046Y0011740D01*
X0012001Y0011892D01*
X0011960Y0012045D01*
X0011922Y0012198D01*
X0011889Y0012353D01*
X0011859Y0012509D01*
X0011833Y0012665D01*
X0011812Y0012822D01*
X0011794Y0012979D01*
X0011780Y0013137D01*
X0011770Y0013295D01*
X0011764Y0013453D01*
X0011762Y0013611D01*
X0011762Y0175028D02*
X0011764Y0175186D01*
X0011770Y0175344D01*
X0011780Y0175502D01*
X0011794Y0175660D01*
X0011812Y0175817D01*
X0011833Y0175974D01*
X0011859Y0176130D01*
X0011889Y0176286D01*
X0011922Y0176441D01*
X0011960Y0176594D01*
X0012001Y0176747D01*
X0012046Y0176899D01*
X0012095Y0177050D01*
X0012148Y0177199D01*
X0012204Y0177347D01*
X0012264Y0177493D01*
X0012328Y0177638D01*
X0012396Y0177781D01*
X0012467Y0177923D01*
X0012541Y0178063D01*
X0012619Y0178200D01*
X0012701Y0178336D01*
X0012785Y0178470D01*
X0012874Y0178601D01*
X0012965Y0178730D01*
X0013060Y0178857D01*
X0013157Y0178982D01*
X0013258Y0179104D01*
X0013362Y0179223D01*
X0013469Y0179340D01*
X0013579Y0179454D01*
X0013692Y0179565D01*
X0013807Y0179674D01*
X0013925Y0179779D01*
X0014046Y0179881D01*
X0014169Y0179981D01*
X0014295Y0180077D01*
X0014423Y0180170D01*
X0014553Y0180260D01*
X0014686Y0180346D01*
X0014821Y0180430D01*
X0014957Y0180509D01*
X0015096Y0180586D01*
X0015237Y0180658D01*
X0015379Y0180728D01*
X0015523Y0180793D01*
X0015669Y0180855D01*
X0015816Y0180913D01*
X0015965Y0180968D01*
X0016115Y0181019D01*
X0016266Y0181066D01*
X0016418Y0181109D01*
X0016571Y0181148D01*
X0016726Y0181184D01*
X0016881Y0181215D01*
X0017037Y0181243D01*
X0017193Y0181267D01*
X0017350Y0181287D01*
X0017508Y0181303D01*
X0017665Y0181315D01*
X0017824Y0181323D01*
X0017982Y0181327D01*
X0018140Y0181327D01*
X0018298Y0181323D01*
X0018457Y0181315D01*
X0018614Y0181303D01*
X0018772Y0181287D01*
X0018929Y0181267D01*
X0019085Y0181243D01*
X0019241Y0181215D01*
X0019396Y0181184D01*
X0019551Y0181148D01*
X0019704Y0181109D01*
X0019856Y0181066D01*
X0020007Y0181019D01*
X0020157Y0180968D01*
X0020306Y0180913D01*
X0020453Y0180855D01*
X0020599Y0180793D01*
X0020743Y0180728D01*
X0020885Y0180658D01*
X0021026Y0180586D01*
X0021165Y0180509D01*
X0021301Y0180430D01*
X0021436Y0180346D01*
X0021569Y0180260D01*
X0021699Y0180170D01*
X0021827Y0180077D01*
X0021953Y0179981D01*
X0022076Y0179881D01*
X0022197Y0179779D01*
X0022315Y0179674D01*
X0022430Y0179565D01*
X0022543Y0179454D01*
X0022653Y0179340D01*
X0022760Y0179223D01*
X0022864Y0179104D01*
X0022965Y0178982D01*
X0023062Y0178857D01*
X0023157Y0178730D01*
X0023248Y0178601D01*
X0023337Y0178470D01*
X0023421Y0178336D01*
X0023503Y0178200D01*
X0023581Y0178063D01*
X0023655Y0177923D01*
X0023726Y0177781D01*
X0023794Y0177638D01*
X0023858Y0177493D01*
X0023918Y0177347D01*
X0023974Y0177199D01*
X0024027Y0177050D01*
X0024076Y0176899D01*
X0024121Y0176747D01*
X0024162Y0176594D01*
X0024200Y0176441D01*
X0024233Y0176286D01*
X0024263Y0176130D01*
X0024289Y0175974D01*
X0024310Y0175817D01*
X0024328Y0175660D01*
X0024342Y0175502D01*
X0024352Y0175344D01*
X0024358Y0175186D01*
X0024360Y0175028D01*
X0024358Y0174870D01*
X0024352Y0174712D01*
X0024342Y0174554D01*
X0024328Y0174396D01*
X0024310Y0174239D01*
X0024289Y0174082D01*
X0024263Y0173926D01*
X0024233Y0173770D01*
X0024200Y0173615D01*
X0024162Y0173462D01*
X0024121Y0173309D01*
X0024076Y0173157D01*
X0024027Y0173006D01*
X0023974Y0172857D01*
X0023918Y0172709D01*
X0023858Y0172563D01*
X0023794Y0172418D01*
X0023726Y0172275D01*
X0023655Y0172133D01*
X0023581Y0171993D01*
X0023503Y0171856D01*
X0023421Y0171720D01*
X0023337Y0171586D01*
X0023248Y0171455D01*
X0023157Y0171326D01*
X0023062Y0171199D01*
X0022965Y0171074D01*
X0022864Y0170952D01*
X0022760Y0170833D01*
X0022653Y0170716D01*
X0022543Y0170602D01*
X0022430Y0170491D01*
X0022315Y0170382D01*
X0022197Y0170277D01*
X0022076Y0170175D01*
X0021953Y0170075D01*
X0021827Y0169979D01*
X0021699Y0169886D01*
X0021569Y0169796D01*
X0021436Y0169710D01*
X0021301Y0169626D01*
X0021165Y0169547D01*
X0021026Y0169470D01*
X0020885Y0169398D01*
X0020743Y0169328D01*
X0020599Y0169263D01*
X0020453Y0169201D01*
X0020306Y0169143D01*
X0020157Y0169088D01*
X0020007Y0169037D01*
X0019856Y0168990D01*
X0019704Y0168947D01*
X0019551Y0168908D01*
X0019396Y0168872D01*
X0019241Y0168841D01*
X0019085Y0168813D01*
X0018929Y0168789D01*
X0018772Y0168769D01*
X0018614Y0168753D01*
X0018457Y0168741D01*
X0018298Y0168733D01*
X0018140Y0168729D01*
X0017982Y0168729D01*
X0017824Y0168733D01*
X0017665Y0168741D01*
X0017508Y0168753D01*
X0017350Y0168769D01*
X0017193Y0168789D01*
X0017037Y0168813D01*
X0016881Y0168841D01*
X0016726Y0168872D01*
X0016571Y0168908D01*
X0016418Y0168947D01*
X0016266Y0168990D01*
X0016115Y0169037D01*
X0015965Y0169088D01*
X0015816Y0169143D01*
X0015669Y0169201D01*
X0015523Y0169263D01*
X0015379Y0169328D01*
X0015237Y0169398D01*
X0015096Y0169470D01*
X0014957Y0169547D01*
X0014821Y0169626D01*
X0014686Y0169710D01*
X0014553Y0169796D01*
X0014423Y0169886D01*
X0014295Y0169979D01*
X0014169Y0170075D01*
X0014046Y0170175D01*
X0013925Y0170277D01*
X0013807Y0170382D01*
X0013692Y0170491D01*
X0013579Y0170602D01*
X0013469Y0170716D01*
X0013362Y0170833D01*
X0013258Y0170952D01*
X0013157Y0171074D01*
X0013060Y0171199D01*
X0012965Y0171326D01*
X0012874Y0171455D01*
X0012785Y0171586D01*
X0012701Y0171720D01*
X0012619Y0171856D01*
X0012541Y0171993D01*
X0012467Y0172133D01*
X0012396Y0172275D01*
X0012328Y0172418D01*
X0012264Y0172563D01*
X0012204Y0172709D01*
X0012148Y0172857D01*
X0012095Y0173006D01*
X0012046Y0173157D01*
X0012001Y0173309D01*
X0011960Y0173462D01*
X0011922Y0173615D01*
X0011889Y0173770D01*
X0011859Y0173926D01*
X0011833Y0174082D01*
X0011812Y0174239D01*
X0011794Y0174396D01*
X0011780Y0174554D01*
X0011770Y0174712D01*
X0011764Y0174870D01*
X0011762Y0175028D01*
X0173179Y0175028D02*
X0173181Y0175186D01*
X0173187Y0175344D01*
X0173197Y0175502D01*
X0173211Y0175660D01*
X0173229Y0175817D01*
X0173250Y0175974D01*
X0173276Y0176130D01*
X0173306Y0176286D01*
X0173339Y0176441D01*
X0173377Y0176594D01*
X0173418Y0176747D01*
X0173463Y0176899D01*
X0173512Y0177050D01*
X0173565Y0177199D01*
X0173621Y0177347D01*
X0173681Y0177493D01*
X0173745Y0177638D01*
X0173813Y0177781D01*
X0173884Y0177923D01*
X0173958Y0178063D01*
X0174036Y0178200D01*
X0174118Y0178336D01*
X0174202Y0178470D01*
X0174291Y0178601D01*
X0174382Y0178730D01*
X0174477Y0178857D01*
X0174574Y0178982D01*
X0174675Y0179104D01*
X0174779Y0179223D01*
X0174886Y0179340D01*
X0174996Y0179454D01*
X0175109Y0179565D01*
X0175224Y0179674D01*
X0175342Y0179779D01*
X0175463Y0179881D01*
X0175586Y0179981D01*
X0175712Y0180077D01*
X0175840Y0180170D01*
X0175970Y0180260D01*
X0176103Y0180346D01*
X0176238Y0180430D01*
X0176374Y0180509D01*
X0176513Y0180586D01*
X0176654Y0180658D01*
X0176796Y0180728D01*
X0176940Y0180793D01*
X0177086Y0180855D01*
X0177233Y0180913D01*
X0177382Y0180968D01*
X0177532Y0181019D01*
X0177683Y0181066D01*
X0177835Y0181109D01*
X0177988Y0181148D01*
X0178143Y0181184D01*
X0178298Y0181215D01*
X0178454Y0181243D01*
X0178610Y0181267D01*
X0178767Y0181287D01*
X0178925Y0181303D01*
X0179082Y0181315D01*
X0179241Y0181323D01*
X0179399Y0181327D01*
X0179557Y0181327D01*
X0179715Y0181323D01*
X0179874Y0181315D01*
X0180031Y0181303D01*
X0180189Y0181287D01*
X0180346Y0181267D01*
X0180502Y0181243D01*
X0180658Y0181215D01*
X0180813Y0181184D01*
X0180968Y0181148D01*
X0181121Y0181109D01*
X0181273Y0181066D01*
X0181424Y0181019D01*
X0181574Y0180968D01*
X0181723Y0180913D01*
X0181870Y0180855D01*
X0182016Y0180793D01*
X0182160Y0180728D01*
X0182302Y0180658D01*
X0182443Y0180586D01*
X0182582Y0180509D01*
X0182718Y0180430D01*
X0182853Y0180346D01*
X0182986Y0180260D01*
X0183116Y0180170D01*
X0183244Y0180077D01*
X0183370Y0179981D01*
X0183493Y0179881D01*
X0183614Y0179779D01*
X0183732Y0179674D01*
X0183847Y0179565D01*
X0183960Y0179454D01*
X0184070Y0179340D01*
X0184177Y0179223D01*
X0184281Y0179104D01*
X0184382Y0178982D01*
X0184479Y0178857D01*
X0184574Y0178730D01*
X0184665Y0178601D01*
X0184754Y0178470D01*
X0184838Y0178336D01*
X0184920Y0178200D01*
X0184998Y0178063D01*
X0185072Y0177923D01*
X0185143Y0177781D01*
X0185211Y0177638D01*
X0185275Y0177493D01*
X0185335Y0177347D01*
X0185391Y0177199D01*
X0185444Y0177050D01*
X0185493Y0176899D01*
X0185538Y0176747D01*
X0185579Y0176594D01*
X0185617Y0176441D01*
X0185650Y0176286D01*
X0185680Y0176130D01*
X0185706Y0175974D01*
X0185727Y0175817D01*
X0185745Y0175660D01*
X0185759Y0175502D01*
X0185769Y0175344D01*
X0185775Y0175186D01*
X0185777Y0175028D01*
X0185775Y0174870D01*
X0185769Y0174712D01*
X0185759Y0174554D01*
X0185745Y0174396D01*
X0185727Y0174239D01*
X0185706Y0174082D01*
X0185680Y0173926D01*
X0185650Y0173770D01*
X0185617Y0173615D01*
X0185579Y0173462D01*
X0185538Y0173309D01*
X0185493Y0173157D01*
X0185444Y0173006D01*
X0185391Y0172857D01*
X0185335Y0172709D01*
X0185275Y0172563D01*
X0185211Y0172418D01*
X0185143Y0172275D01*
X0185072Y0172133D01*
X0184998Y0171993D01*
X0184920Y0171856D01*
X0184838Y0171720D01*
X0184754Y0171586D01*
X0184665Y0171455D01*
X0184574Y0171326D01*
X0184479Y0171199D01*
X0184382Y0171074D01*
X0184281Y0170952D01*
X0184177Y0170833D01*
X0184070Y0170716D01*
X0183960Y0170602D01*
X0183847Y0170491D01*
X0183732Y0170382D01*
X0183614Y0170277D01*
X0183493Y0170175D01*
X0183370Y0170075D01*
X0183244Y0169979D01*
X0183116Y0169886D01*
X0182986Y0169796D01*
X0182853Y0169710D01*
X0182718Y0169626D01*
X0182582Y0169547D01*
X0182443Y0169470D01*
X0182302Y0169398D01*
X0182160Y0169328D01*
X0182016Y0169263D01*
X0181870Y0169201D01*
X0181723Y0169143D01*
X0181574Y0169088D01*
X0181424Y0169037D01*
X0181273Y0168990D01*
X0181121Y0168947D01*
X0180968Y0168908D01*
X0180813Y0168872D01*
X0180658Y0168841D01*
X0180502Y0168813D01*
X0180346Y0168789D01*
X0180189Y0168769D01*
X0180031Y0168753D01*
X0179874Y0168741D01*
X0179715Y0168733D01*
X0179557Y0168729D01*
X0179399Y0168729D01*
X0179241Y0168733D01*
X0179082Y0168741D01*
X0178925Y0168753D01*
X0178767Y0168769D01*
X0178610Y0168789D01*
X0178454Y0168813D01*
X0178298Y0168841D01*
X0178143Y0168872D01*
X0177988Y0168908D01*
X0177835Y0168947D01*
X0177683Y0168990D01*
X0177532Y0169037D01*
X0177382Y0169088D01*
X0177233Y0169143D01*
X0177086Y0169201D01*
X0176940Y0169263D01*
X0176796Y0169328D01*
X0176654Y0169398D01*
X0176513Y0169470D01*
X0176374Y0169547D01*
X0176238Y0169626D01*
X0176103Y0169710D01*
X0175970Y0169796D01*
X0175840Y0169886D01*
X0175712Y0169979D01*
X0175586Y0170075D01*
X0175463Y0170175D01*
X0175342Y0170277D01*
X0175224Y0170382D01*
X0175109Y0170491D01*
X0174996Y0170602D01*
X0174886Y0170716D01*
X0174779Y0170833D01*
X0174675Y0170952D01*
X0174574Y0171074D01*
X0174477Y0171199D01*
X0174382Y0171326D01*
X0174291Y0171455D01*
X0174202Y0171586D01*
X0174118Y0171720D01*
X0174036Y0171856D01*
X0173958Y0171993D01*
X0173884Y0172133D01*
X0173813Y0172275D01*
X0173745Y0172418D01*
X0173681Y0172563D01*
X0173621Y0172709D01*
X0173565Y0172857D01*
X0173512Y0173006D01*
X0173463Y0173157D01*
X0173418Y0173309D01*
X0173377Y0173462D01*
X0173339Y0173615D01*
X0173306Y0173770D01*
X0173276Y0173926D01*
X0173250Y0174082D01*
X0173229Y0174239D01*
X0173211Y0174396D01*
X0173197Y0174554D01*
X0173187Y0174712D01*
X0173181Y0174870D01*
X0173179Y0175028D01*
X0173179Y0013611D02*
X0173181Y0013769D01*
X0173187Y0013927D01*
X0173197Y0014085D01*
X0173211Y0014243D01*
X0173229Y0014400D01*
X0173250Y0014557D01*
X0173276Y0014713D01*
X0173306Y0014869D01*
X0173339Y0015024D01*
X0173377Y0015177D01*
X0173418Y0015330D01*
X0173463Y0015482D01*
X0173512Y0015633D01*
X0173565Y0015782D01*
X0173621Y0015930D01*
X0173681Y0016076D01*
X0173745Y0016221D01*
X0173813Y0016364D01*
X0173884Y0016506D01*
X0173958Y0016646D01*
X0174036Y0016783D01*
X0174118Y0016919D01*
X0174202Y0017053D01*
X0174291Y0017184D01*
X0174382Y0017313D01*
X0174477Y0017440D01*
X0174574Y0017565D01*
X0174675Y0017687D01*
X0174779Y0017806D01*
X0174886Y0017923D01*
X0174996Y0018037D01*
X0175109Y0018148D01*
X0175224Y0018257D01*
X0175342Y0018362D01*
X0175463Y0018464D01*
X0175586Y0018564D01*
X0175712Y0018660D01*
X0175840Y0018753D01*
X0175970Y0018843D01*
X0176103Y0018929D01*
X0176238Y0019013D01*
X0176374Y0019092D01*
X0176513Y0019169D01*
X0176654Y0019241D01*
X0176796Y0019311D01*
X0176940Y0019376D01*
X0177086Y0019438D01*
X0177233Y0019496D01*
X0177382Y0019551D01*
X0177532Y0019602D01*
X0177683Y0019649D01*
X0177835Y0019692D01*
X0177988Y0019731D01*
X0178143Y0019767D01*
X0178298Y0019798D01*
X0178454Y0019826D01*
X0178610Y0019850D01*
X0178767Y0019870D01*
X0178925Y0019886D01*
X0179082Y0019898D01*
X0179241Y0019906D01*
X0179399Y0019910D01*
X0179557Y0019910D01*
X0179715Y0019906D01*
X0179874Y0019898D01*
X0180031Y0019886D01*
X0180189Y0019870D01*
X0180346Y0019850D01*
X0180502Y0019826D01*
X0180658Y0019798D01*
X0180813Y0019767D01*
X0180968Y0019731D01*
X0181121Y0019692D01*
X0181273Y0019649D01*
X0181424Y0019602D01*
X0181574Y0019551D01*
X0181723Y0019496D01*
X0181870Y0019438D01*
X0182016Y0019376D01*
X0182160Y0019311D01*
X0182302Y0019241D01*
X0182443Y0019169D01*
X0182582Y0019092D01*
X0182718Y0019013D01*
X0182853Y0018929D01*
X0182986Y0018843D01*
X0183116Y0018753D01*
X0183244Y0018660D01*
X0183370Y0018564D01*
X0183493Y0018464D01*
X0183614Y0018362D01*
X0183732Y0018257D01*
X0183847Y0018148D01*
X0183960Y0018037D01*
X0184070Y0017923D01*
X0184177Y0017806D01*
X0184281Y0017687D01*
X0184382Y0017565D01*
X0184479Y0017440D01*
X0184574Y0017313D01*
X0184665Y0017184D01*
X0184754Y0017053D01*
X0184838Y0016919D01*
X0184920Y0016783D01*
X0184998Y0016646D01*
X0185072Y0016506D01*
X0185143Y0016364D01*
X0185211Y0016221D01*
X0185275Y0016076D01*
X0185335Y0015930D01*
X0185391Y0015782D01*
X0185444Y0015633D01*
X0185493Y0015482D01*
X0185538Y0015330D01*
X0185579Y0015177D01*
X0185617Y0015024D01*
X0185650Y0014869D01*
X0185680Y0014713D01*
X0185706Y0014557D01*
X0185727Y0014400D01*
X0185745Y0014243D01*
X0185759Y0014085D01*
X0185769Y0013927D01*
X0185775Y0013769D01*
X0185777Y0013611D01*
X0185775Y0013453D01*
X0185769Y0013295D01*
X0185759Y0013137D01*
X0185745Y0012979D01*
X0185727Y0012822D01*
X0185706Y0012665D01*
X0185680Y0012509D01*
X0185650Y0012353D01*
X0185617Y0012198D01*
X0185579Y0012045D01*
X0185538Y0011892D01*
X0185493Y0011740D01*
X0185444Y0011589D01*
X0185391Y0011440D01*
X0185335Y0011292D01*
X0185275Y0011146D01*
X0185211Y0011001D01*
X0185143Y0010858D01*
X0185072Y0010716D01*
X0184998Y0010576D01*
X0184920Y0010439D01*
X0184838Y0010303D01*
X0184754Y0010169D01*
X0184665Y0010038D01*
X0184574Y0009909D01*
X0184479Y0009782D01*
X0184382Y0009657D01*
X0184281Y0009535D01*
X0184177Y0009416D01*
X0184070Y0009299D01*
X0183960Y0009185D01*
X0183847Y0009074D01*
X0183732Y0008965D01*
X0183614Y0008860D01*
X0183493Y0008758D01*
X0183370Y0008658D01*
X0183244Y0008562D01*
X0183116Y0008469D01*
X0182986Y0008379D01*
X0182853Y0008293D01*
X0182718Y0008209D01*
X0182582Y0008130D01*
X0182443Y0008053D01*
X0182302Y0007981D01*
X0182160Y0007911D01*
X0182016Y0007846D01*
X0181870Y0007784D01*
X0181723Y0007726D01*
X0181574Y0007671D01*
X0181424Y0007620D01*
X0181273Y0007573D01*
X0181121Y0007530D01*
X0180968Y0007491D01*
X0180813Y0007455D01*
X0180658Y0007424D01*
X0180502Y0007396D01*
X0180346Y0007372D01*
X0180189Y0007352D01*
X0180031Y0007336D01*
X0179874Y0007324D01*
X0179715Y0007316D01*
X0179557Y0007312D01*
X0179399Y0007312D01*
X0179241Y0007316D01*
X0179082Y0007324D01*
X0178925Y0007336D01*
X0178767Y0007352D01*
X0178610Y0007372D01*
X0178454Y0007396D01*
X0178298Y0007424D01*
X0178143Y0007455D01*
X0177988Y0007491D01*
X0177835Y0007530D01*
X0177683Y0007573D01*
X0177532Y0007620D01*
X0177382Y0007671D01*
X0177233Y0007726D01*
X0177086Y0007784D01*
X0176940Y0007846D01*
X0176796Y0007911D01*
X0176654Y0007981D01*
X0176513Y0008053D01*
X0176374Y0008130D01*
X0176238Y0008209D01*
X0176103Y0008293D01*
X0175970Y0008379D01*
X0175840Y0008469D01*
X0175712Y0008562D01*
X0175586Y0008658D01*
X0175463Y0008758D01*
X0175342Y0008860D01*
X0175224Y0008965D01*
X0175109Y0009074D01*
X0174996Y0009185D01*
X0174886Y0009299D01*
X0174779Y0009416D01*
X0174675Y0009535D01*
X0174574Y0009657D01*
X0174477Y0009782D01*
X0174382Y0009909D01*
X0174291Y0010038D01*
X0174202Y0010169D01*
X0174118Y0010303D01*
X0174036Y0010439D01*
X0173958Y0010576D01*
X0173884Y0010716D01*
X0173813Y0010858D01*
X0173745Y0011001D01*
X0173681Y0011146D01*
X0173621Y0011292D01*
X0173565Y0011440D01*
X0173512Y0011589D01*
X0173463Y0011740D01*
X0173418Y0011892D01*
X0173377Y0012045D01*
X0173339Y0012198D01*
X0173306Y0012353D01*
X0173276Y0012509D01*
X0173250Y0012665D01*
X0173229Y0012822D01*
X0173211Y0012979D01*
X0173197Y0013137D01*
X0173187Y0013295D01*
X0173181Y0013453D01*
X0173179Y0013611D01*
M02*
